<?xml version="1.0" encoding="UTF-8"?>
<testsuite xmlns:xsi="http://www.w3.org/2001/XMLSchema-instance" xsi:noNamespaceSchemaLocation="https://maven.apache.org/surefire/maven-surefire-plugin/xsd/surefire-test-report-3.0.xsd" version="3.0" name="TestSuite" time="17.749" tests="5" errors="0" skipped="0" failures="0">
  <properties>
    <property name="java.specification.version" value="13"/>
    <property name="sun.jnu.encoding" value="UTF-8"/>
    <property name="java.class.path" value="/home/unnati/eclipse-workspace/APIAutomation/RestassuredAPI/PolEasyAPIFrameWork/target/test-classes:/home/unnati/eclipse-workspace/APIAutomation/RestassuredAPI/PolEasyAPIFrameWork/target/classes:/home/unnati/.m2/repository/io/rest-assured/rest-assured/5.3.0/rest-assured-5.3.0.jar:/home/unnati/.m2/repository/org/apache/groovy/groovy/4.0.6/groovy-4.0.6.jar:/home/unnati/.m2/repository/org/apache/groovy/groovy-xml/4.0.6/groovy-xml-4.0.6.jar:/home/unnati/.m2/repository/org/apache/httpcomponents/httpclient/4.5.13/httpclient-4.5.13.jar:/home/unnati/.m2/repository/org/apache/httpcomponents/httpcore/4.4.13/httpcore-4.4.13.jar:/home/unnati/.m2/repository/commons-logging/commons-logging/1.2/commons-logging-1.2.jar:/home/unnati/.m2/repository/org/apache/httpcomponents/httpmime/4.5.13/httpmime-4.5.13.jar:/home/unnati/.m2/repository/org/hamcrest/hamcrest/2.1/hamcrest-2.1.jar:/home/unnati/.m2/repository/org/ccil/cowan/tagsoup/tagsoup/1.2.1/tagsoup-1.2.1.jar:/home/unnati/.m2/repository/io/rest-assured/xml-path/5.3.0/xml-path-5.3.0.jar:/home/unnati/.m2/repository/io/rest-assured/json-path/5.3.0/json-path-5.3.0.jar:/home/unnati/.m2/repository/org/apache/groovy/groovy-json/4.0.6/groovy-json-4.0.6.jar:/home/unnati/.m2/repository/io/rest-assured/rest-assured-common/5.3.0/rest-assured-common-5.3.0.jar:/home/unnati/.m2/repository/org/json/json/20230227/json-20230227.jar:/home/unnati/.m2/repository/org/testng/testng/7.8.0/testng-7.8.0.jar:/home/unnati/.m2/repository/org/slf4j/slf4j-api/1.7.36/slf4j-api-1.7.36.jar:/home/unnati/.m2/repository/com/beust/jcommander/1.82/jcommander-1.82.jar:/home/unnati/.m2/repository/org/webjars/jquery/3.6.1/jquery-3.6.1.jar:/home/unnati/.m2/repository/com/github/scribejava/scribejava-apis/8.3.3/scribejava-apis-8.3.3.jar:/home/unnati/.m2/repository/com/github/scribejava/scribejava-core/8.3.3/scribejava-core-8.3.3.jar:/home/unnati/.m2/repository/com/github/scribejava/scribejava-java8/8.3.3/scribejava-java8-8.3.3.jar:/home/unnati/.m2/repository/com/fasterxml/jackson/core/jackson-databind/2.14.0/jackson-databind-2.14.0.jar:/home/unnati/.m2/repository/com/fasterxml/jackson/core/jackson-annotations/2.14.0/jackson-annotations-2.14.0.jar:/home/unnati/.m2/repository/com/fasterxml/jackson/core/jackson-core/2.14.0/jackson-core-2.14.0.jar:/home/unnati/.m2/repository/io/rest-assured/json-schema-validator/5.3.0/json-schema-validator-5.3.0.jar:/home/unnati/.m2/repository/com/github/java-json-tools/json-schema-validator/2.2.14/json-schema-validator-2.2.14.jar:/home/unnati/.m2/repository/com/google/guava/guava/28.2-android/guava-28.2-android.jar:/home/unnati/.m2/repository/com/google/guava/failureaccess/1.0.1/failureaccess-1.0.1.jar:/home/unnati/.m2/repository/com/google/guava/listenablefuture/9999.0-empty-to-avoid-conflict-with-guava/listenablefuture-9999.0-empty-to-avoid-conflict-with-guava.jar:/home/unnati/.m2/repository/org/checkerframework/checker-compat-qual/2.5.5/checker-compat-qual-2.5.5.jar:/home/unnati/.m2/repository/com/google/errorprone/error_prone_annotations/2.3.4/error_prone_annotations-2.3.4.jar:/home/unnati/.m2/repository/com/google/j2objc/j2objc-annotations/1.3/j2objc-annotations-1.3.jar:/home/unnati/.m2/repository/com/github/java-json-tools/jackson-coreutils-equivalence/1.0/jackson-coreutils-equivalence-1.0.jar:/home/unnati/.m2/repository/com/github/java-json-tools/jackson-coreutils/2.0/jackson-coreutils-2.0.jar:/home/unnati/.m2/repository/com/github/java-json-tools/msg-simple/1.2/msg-simple-1.2.jar:/home/unnati/.m2/repository/com/github/java-json-tools/btf/1.3/btf-1.3.jar:/home/unnati/.m2/repository/com/github/java-json-tools/json-schema-core/1.2.14/json-schema-core-1.2.14.jar:/home/unnati/.m2/repository/com/github/java-json-tools/uri-template/0.10/uri-template-0.10.jar:/home/unnati/.m2/repository/org/mozilla/rhino/1.7.7.2/rhino-1.7.7.2.jar:/home/unnati/.m2/repository/com/sun/mail/mailapi/1.6.2/mailapi-1.6.2.jar:/home/unnati/.m2/repository/joda-time/joda-time/2.10.5/joda-time-2.10.5.jar:/home/unnati/.m2/repository/com/googlecode/libphonenumber/libphonenumber/8.11.1/libphonenumber-8.11.1.jar:/home/unnati/.m2/repository/com/google/code/findbugs/jsr305/3.0.2/jsr305-3.0.2.jar:/home/unnati/.m2/repository/net/sf/jopt-simple/jopt-simple/5.0.4/jopt-simple-5.0.4.jar:/home/unnati/.m2/repository/com/github/javafaker/javafaker/1.0.2/javafaker-1.0.2.jar:/home/unnati/.m2/repository/org/apache/commons/commons-lang3/3.5/commons-lang3-3.5.jar:/home/unnati/.m2/repository/org/yaml/snakeyaml/1.23/snakeyaml-1.23-android.jar:/home/unnati/.m2/repository/com/github/mifmif/generex/1.0.2/generex-1.0.2.jar:/home/unnati/.m2/repository/dk/brics/automaton/automaton/1.11-8/automaton-1.11-8.jar:/home/unnati/.m2/repository/com/aventstack/extentreports/5.0.9/extentreports-5.0.9.jar:/home/unnati/.m2/repository/io/reactivex/rxjava3/rxjava/3.0.4/rxjava-3.0.4.jar:/home/unnati/.m2/repository/org/reactivestreams/reactive-streams/1.0.3/reactive-streams-1.0.3.jar:/home/unnati/.m2/repository/org/freemarker/freemarker/2.3.30/freemarker-2.3.30.jar:/home/unnati/.m2/repository/org/projectlombok/lombok/1.18.12/lombok-1.18.12.jar:/home/unnati/.m2/repository/com/google/code/gson/gson/2.8.6/gson-2.8.6.jar:/home/unnati/.m2/repository/org/apache/poi/poi/5.2.3/poi-5.2.3.jar:/home/unnati/.m2/repository/commons-codec/commons-codec/1.15/commons-codec-1.15.jar:/home/unnati/.m2/repository/org/apache/commons/commons-collections4/4.4/commons-collections4-4.4.jar:/home/unnati/.m2/repository/org/apache/commons/commons-math3/3.6.1/commons-math3-3.6.1.jar:/home/unnati/.m2/repository/commons-io/commons-io/2.11.0/commons-io-2.11.0.jar:/home/unnati/.m2/repository/com/zaxxer/SparseBitSet/1.2/SparseBitSet-1.2.jar:/home/unnati/.m2/repository/org/apache/poi/poi-ooxml/5.2.3/poi-ooxml-5.2.3.jar:/home/unnati/.m2/repository/org/apache/poi/poi-ooxml-lite/5.2.3/poi-ooxml-lite-5.2.3.jar:/home/unnati/.m2/repository/org/apache/xmlbeans/xmlbeans/5.1.1/xmlbeans-5.1.1.jar:/home/unnati/.m2/repository/org/apache/commons/commons-compress/1.21/commons-compress-1.21.jar:/home/unnati/.m2/repository/com/github/virtuald/curvesapi/1.07/curvesapi-1.07.jar:/home/unnati/.m2/repository/org/apache/logging/log4j/log4j-api/2.20.0/log4j-api-2.20.0.jar:/home/unnati/.m2/repository/org/apache/logging/log4j/log4j-core/2.20.0/log4j-core-2.20.0.jar:"/>
    <property name="java.vm.vendor" value="Private Build"/>
    <property name="sun.arch.data.model" value="64"/>
    <property name="java.vendor.url" value="Unknown"/>
    <property name="user.timezone" value="Asia/Kolkata"/>
    <property name="os.name" value="Linux"/>
    <property name="java.vm.specification.version" value="13"/>
    <property name="sun.java.launcher" value="SUN_STANDARD"/>
    <property name="user.country" value="IN"/>
    <property name="sun.boot.library.path" value="/usr/lib/jvm/java-13-openjdk-amd64/lib"/>
    <property name="sun.java.command" value="/home/unnati/eclipse-workspace/APIAutomation/RestassuredAPI/PolEasyAPIFrameWork/target/surefire/surefirebooter-20230829151426785_3.jar /home/unnati/eclipse-workspace/APIAutomation/RestassuredAPI/PolEasyAPIFrameWork/target/surefire 2023-08-29T15-14-26_667-jvmRun1 surefire-20230829151426785_1tmp surefire_0-20230829151426785_2tmp"/>
    <property name="jdk.debug" value="release"/>
    <property name="surefire.test.class.path" value="/home/unnati/eclipse-workspace/APIAutomation/RestassuredAPI/PolEasyAPIFrameWork/target/test-classes:/home/unnati/eclipse-workspace/APIAutomation/RestassuredAPI/PolEasyAPIFrameWork/target/classes:/home/unnati/.m2/repository/io/rest-assured/rest-assured/5.3.0/rest-assured-5.3.0.jar:/home/unnati/.m2/repository/org/apache/groovy/groovy/4.0.6/groovy-4.0.6.jar:/home/unnati/.m2/repository/org/apache/groovy/groovy-xml/4.0.6/groovy-xml-4.0.6.jar:/home/unnati/.m2/repository/org/apache/httpcomponents/httpclient/4.5.13/httpclient-4.5.13.jar:/home/unnati/.m2/repository/org/apache/httpcomponents/httpcore/4.4.13/httpcore-4.4.13.jar:/home/unnati/.m2/repository/commons-logging/commons-logging/1.2/commons-logging-1.2.jar:/home/unnati/.m2/repository/org/apache/httpcomponents/httpmime/4.5.13/httpmime-4.5.13.jar:/home/unnati/.m2/repository/org/hamcrest/hamcrest/2.1/hamcrest-2.1.jar:/home/unnati/.m2/repository/org/ccil/cowan/tagsoup/tagsoup/1.2.1/tagsoup-1.2.1.jar:/home/unnati/.m2/repository/io/rest-assured/xml-path/5.3.0/xml-path-5.3.0.jar:/home/unnati/.m2/repository/io/rest-assured/json-path/5.3.0/json-path-5.3.0.jar:/home/unnati/.m2/repository/org/apache/groovy/groovy-json/4.0.6/groovy-json-4.0.6.jar:/home/unnati/.m2/repository/io/rest-assured/rest-assured-common/5.3.0/rest-assured-common-5.3.0.jar:/home/unnati/.m2/repository/org/json/json/20230227/json-20230227.jar:/home/unnati/.m2/repository/org/testng/testng/7.8.0/testng-7.8.0.jar:/home/unnati/.m2/repository/org/slf4j/slf4j-api/1.7.36/slf4j-api-1.7.36.jar:/home/unnati/.m2/repository/com/beust/jcommander/1.82/jcommander-1.82.jar:/home/unnati/.m2/repository/org/webjars/jquery/3.6.1/jquery-3.6.1.jar:/home/unnati/.m2/repository/com/github/scribejava/scribejava-apis/8.3.3/scribejava-apis-8.3.3.jar:/home/unnati/.m2/repository/com/github/scribejava/scribejava-core/8.3.3/scribejava-core-8.3.3.jar:/home/unnati/.m2/repository/com/github/scribejava/scribejava-java8/8.3.3/scribejava-java8-8.3.3.jar:/home/unnati/.m2/repository/com/fasterxml/jackson/core/jackson-databind/2.14.0/jackson-databind-2.14.0.jar:/home/unnati/.m2/repository/com/fasterxml/jackson/core/jackson-annotations/2.14.0/jackson-annotations-2.14.0.jar:/home/unnati/.m2/repository/com/fasterxml/jackson/core/jackson-core/2.14.0/jackson-core-2.14.0.jar:/home/unnati/.m2/repository/io/rest-assured/json-schema-validator/5.3.0/json-schema-validator-5.3.0.jar:/home/unnati/.m2/repository/com/github/java-json-tools/json-schema-validator/2.2.14/json-schema-validator-2.2.14.jar:/home/unnati/.m2/repository/com/google/guava/guava/28.2-android/guava-28.2-android.jar:/home/unnati/.m2/repository/com/google/guava/failureaccess/1.0.1/failureaccess-1.0.1.jar:/home/unnati/.m2/repository/com/google/guava/listenablefuture/9999.0-empty-to-avoid-conflict-with-guava/listenablefuture-9999.0-empty-to-avoid-conflict-with-guava.jar:/home/unnati/.m2/repository/org/checkerframework/checker-compat-qual/2.5.5/checker-compat-qual-2.5.5.jar:/home/unnati/.m2/repository/com/google/errorprone/error_prone_annotations/2.3.4/error_prone_annotations-2.3.4.jar:/home/unnati/.m2/repository/com/google/j2objc/j2objc-annotations/1.3/j2objc-annotations-1.3.jar:/home/unnati/.m2/repository/com/github/java-json-tools/jackson-coreutils-equivalence/1.0/jackson-coreutils-equivalence-1.0.jar:/home/unnati/.m2/repository/com/github/java-json-tools/jackson-coreutils/2.0/jackson-coreutils-2.0.jar:/home/unnati/.m2/repository/com/github/java-json-tools/msg-simple/1.2/msg-simple-1.2.jar:/home/unnati/.m2/repository/com/github/java-json-tools/btf/1.3/btf-1.3.jar:/home/unnati/.m2/repository/com/github/java-json-tools/json-schema-core/1.2.14/json-schema-core-1.2.14.jar:/home/unnati/.m2/repository/com/github/java-json-tools/uri-template/0.10/uri-template-0.10.jar:/home/unnati/.m2/repository/org/mozilla/rhino/1.7.7.2/rhino-1.7.7.2.jar:/home/unnati/.m2/repository/com/sun/mail/mailapi/1.6.2/mailapi-1.6.2.jar:/home/unnati/.m2/repository/joda-time/joda-time/2.10.5/joda-time-2.10.5.jar:/home/unnati/.m2/repository/com/googlecode/libphonenumber/libphonenumber/8.11.1/libphonenumber-8.11.1.jar:/home/unnati/.m2/repository/com/google/code/findbugs/jsr305/3.0.2/jsr305-3.0.2.jar:/home/unnati/.m2/repository/net/sf/jopt-simple/jopt-simple/5.0.4/jopt-simple-5.0.4.jar:/home/unnati/.m2/repository/com/github/javafaker/javafaker/1.0.2/javafaker-1.0.2.jar:/home/unnati/.m2/repository/org/apache/commons/commons-lang3/3.5/commons-lang3-3.5.jar:/home/unnati/.m2/repository/org/yaml/snakeyaml/1.23/snakeyaml-1.23-android.jar:/home/unnati/.m2/repository/com/github/mifmif/generex/1.0.2/generex-1.0.2.jar:/home/unnati/.m2/repository/dk/brics/automaton/automaton/1.11-8/automaton-1.11-8.jar:/home/unnati/.m2/repository/com/aventstack/extentreports/5.0.9/extentreports-5.0.9.jar:/home/unnati/.m2/repository/io/reactivex/rxjava3/rxjava/3.0.4/rxjava-3.0.4.jar:/home/unnati/.m2/repository/org/reactivestreams/reactive-streams/1.0.3/reactive-streams-1.0.3.jar:/home/unnati/.m2/repository/org/freemarker/freemarker/2.3.30/freemarker-2.3.30.jar:/home/unnati/.m2/repository/org/projectlombok/lombok/1.18.12/lombok-1.18.12.jar:/home/unnati/.m2/repository/com/google/code/gson/gson/2.8.6/gson-2.8.6.jar:/home/unnati/.m2/repository/org/apache/poi/poi/5.2.3/poi-5.2.3.jar:/home/unnati/.m2/repository/commons-codec/commons-codec/1.15/commons-codec-1.15.jar:/home/unnati/.m2/repository/org/apache/commons/commons-collections4/4.4/commons-collections4-4.4.jar:/home/unnati/.m2/repository/org/apache/commons/commons-math3/3.6.1/commons-math3-3.6.1.jar:/home/unnati/.m2/repository/commons-io/commons-io/2.11.0/commons-io-2.11.0.jar:/home/unnati/.m2/repository/com/zaxxer/SparseBitSet/1.2/SparseBitSet-1.2.jar:/home/unnati/.m2/repository/org/apache/poi/poi-ooxml/5.2.3/poi-ooxml-5.2.3.jar:/home/unnati/.m2/repository/org/apache/poi/poi-ooxml-lite/5.2.3/poi-ooxml-lite-5.2.3.jar:/home/unnati/.m2/repository/org/apache/xmlbeans/xmlbeans/5.1.1/xmlbeans-5.1.1.jar:/home/unnati/.m2/repository/org/apache/commons/commons-compress/1.21/commons-compress-1.21.jar:/home/unnati/.m2/repository/com/github/virtuald/curvesapi/1.07/curvesapi-1.07.jar:/home/unnati/.m2/repository/org/apache/logging/log4j/log4j-api/2.20.0/log4j-api-2.20.0.jar:/home/unnati/.m2/repository/org/apache/logging/log4j/log4j-core/2.20.0/log4j-core-2.20.0.jar:"/>
    <property name="sun.cpu.endian" value="little"/>
    <property name="user.home" value="/home/unnati"/>
    <property name="user.language" value="en"/>
    <property name="java.specification.vendor" value="Oracle Corporation"/>
    <property name="java.version.date" value="2021-04-20"/>
    <property name="java.home" value="/usr/lib/jvm/java-13-openjdk-amd64"/>
    <property name="file.separator" value="/"/>
    <property name="basedir" value="/home/unnati/eclipse-workspace/APIAutomation/RestassuredAPI/PolEasyAPIFrameWork"/>
    <property name="java.vm.compressedOopsMode" value="32-bit"/>
    <property name="line.separator" value="&#10;"/>
    <property name="java.vm.specification.vendor" value="Oracle Corporation"/>
    <property name="java.specification.name" value="Java Platform API Specification"/>
    <property name="surefire.real.class.path" value="/home/unnati/eclipse-workspace/APIAutomation/RestassuredAPI/PolEasyAPIFrameWork/target/surefire/surefirebooter-20230829151426785_3.jar"/>
    <property name="sun.management.compiler" value="HotSpot 64-Bit Tiered Compilers"/>
    <property name="java.runtime.version" value="13.0.7+5-Ubuntu-0ubuntu120.04"/>
    <property name="user.name" value="unnati"/>
    <property name="path.separator" value=":"/>
    <property name="os.version" value="5.15.0-79-generic"/>
    <property name="java.runtime.name" value="OpenJDK Runtime Environment"/>
    <property name="file.encoding" value="UTF-8"/>
    <property name="java.vm.name" value="OpenJDK 64-Bit Server VM"/>
    <property name="localRepository" value="/home/unnati/.m2/repository"/>
    <property name="java.vendor.url.bug" value="Unknown"/>
    <property name="java.io.tmpdir" value="/tmp"/>
    <property name="java.version" value="13.0.7"/>
    <property name="user.dir" value="/home/unnati/eclipse-workspace/APIAutomation/RestassuredAPI/PolEasyAPIFrameWork"/>
    <property name="os.arch" value="amd64"/>
    <property name="java.vm.specification.name" value="Java Virtual Machine Specification"/>
    <property name="java.library.path" value="/usr/java/packages/lib:/usr/lib/x86_64-linux-gnu/jni:/lib/x86_64-linux-gnu:/usr/lib/x86_64-linux-gnu:/usr/lib/jni:/lib:/usr/lib"/>
    <property name="java.vm.info" value="mixed mode"/>
    <property name="java.vendor" value="Private Build"/>
    <property name="java.vm.version" value="13.0.7+5-Ubuntu-0ubuntu120.04"/>
    <property name="sun.io.unicode.encoding" value="UnicodeLittle"/>
    <property name="java.class.version" value="57.0"/>
  </properties>
  <testcase name="TestgenerateOTP" classname="api.test.Customertest" time="3.472">
    <system-out><![CDATA[Generated OTP is: 075196
]]></system-out>
    <system-err><![CDATA[SLF4J: Failed to load class "org.slf4j.impl.StaticLoggerBinder".
SLF4J: Defaulting to no-operation (NOP) logger implementation
SLF4J: See http://www.slf4j.org/codes.html#StaticLoggerBinder for further details.
]]></system-err>
  </testcase>
  <testcase name="TestverifyOTP" classname="api.test.Customertest" time="4.024">
    <system-out><![CDATA[HTTP/1.1 200 OK
Server: nginx
Date: Tue, 29 Aug 2023 09:44:36 GMT
Content-Type: application/json
Content-Length: 81
Connection: keep-alive
Vary: Accept, Cookie, Origin
Allow: POST, OPTIONS
X-Frame-Options: DENY
X-Content-Type-Options: nosniff
Referrer-Policy: same-origin
Cross-Origin-Opener-Policy: same-origin
X-XSS-Protection: 1; mode=block

{
    "data": [
        
    ],
    "status": {
        "code": 200,
        "message": "User has successfully verified OTP."
    }
}
OTP is successfully verified
]]></system-out>
  </testcase>
  <testcase name="Testsignup" classname="api.test.Customertest" time="3.551">
    <system-out><![CDATA[HTTP/1.1 201 Created
Server: nginx
Date: Tue, 29 Aug 2023 09:44:39 GMT
Content-Type: application/json
Content-Length: 627
Connection: keep-alive
Vary: Accept, Cookie, Origin
Allow: POST, OPTIONS
X-Frame-Options: DENY
X-Content-Type-Options: nosniff
Referrer-Policy: same-origin
Cross-Origin-Opener-Policy: same-origin
X-XSS-Protection: 1; mode=block

{
    "data": {
        "access_token": "eyJ0eXAiOiJKV1QiLCJhbGciOiJIUzUxMiJ9.eyJ1c2VyX2lkIjo4MjksIm1vYmlsZV9ubyI6Ijc3MzE4NjQ4NzciLCJleHAiOjE2OTMzMDk0NzcsInR5cGUiOiJhY2Nlc3MifQ.5c0z106NCNFKNS0OcU6vdw3t8C7FrySwyGudFi8TpUYGhj77mxWG4jjpB2v9me7OKAeQjEifRTRPCy-1KBwwsQ",
        "refresh_token": "eyJ0eXAiOiJKV1QiLCJhbGciOiJIUzUxMiJ9.eyJ1c2VyX2lkIjo4MjksIm1vYmlsZV9ubyI6Ijc3MzE4NjQ4NzciLCJleHAiOjE2OTMzODg2NzcsInR5cGUiOiJyZWZyZXNoIn0.5d5X42GvSmbNy1ovt1n4wfW9OFiuC3MUNxbgW7gwEP8JfOYNkgEztgvdjdmKHCS_WbPK1dlZT-YYlLR9EXs3cw",
        "access_token_expiry": "7200.0",
        "refresh_token_expiry": "86400.0"
    },
    "status": {
        "code": 201,
        "message": "Your registration done successfully."
    }
}
User is successfully registered
Access token: eyJ0eXAiOiJKV1QiLCJhbGciOiJIUzUxMiJ9.eyJ1c2VyX2lkIjo4MjksIm1vYmlsZV9ubyI6Ijc3MzE4NjQ4NzciLCJleHAiOjE2OTMzMDk0NzcsInR5cGUiOiJhY2Nlc3MifQ.5c0z106NCNFKNS0OcU6vdw3t8C7FrySwyGudFi8TpUYGhj77mxWG4jjpB2v9me7OKAeQjEifRTRPCy-1KBwwsQ
]]></system-out>
  </testcase>
  <testcase name="Testlogout" classname="api.test.Customertest" time="3.75">
    <system-out><![CDATA[HTTP/1.1 200 OK
Server: nginx
Date: Tue, 29 Aug 2023 09:44:43 GMT
Content-Type: application/json
Content-Length: 70
Connection: keep-alive
Vary: Accept, Cookie, Origin
Allow: POST, OPTIONS
X-Frame-Options: DENY
X-Content-Type-Options: nosniff
Referrer-Policy: same-origin
Cross-Origin-Opener-Policy: same-origin
X-XSS-Protection: 1; mode=block

{
    "data": [
        
    ],
    "status": {
        "code": 200,
        "message": "Logged out successfully."
    }
}
User successfully logout
]]></system-out>
  </testcase>
  <testcase name="Testlogin" classname="api.test.Customertest" time="1.431">
    <system-out><![CDATA[HTTP/1.1 200 OK
Server: nginx
Date: Tue, 29 Aug 2023 09:44:44 GMT
Content-Type: application/json
Content-Length: 593
Connection: keep-alive
Vary: Accept, Cookie, Origin
Allow: POST, OPTIONS
X-Frame-Options: DENY
X-Content-Type-Options: nosniff
Referrer-Policy: same-origin
Cross-Origin-Opener-Policy: same-origin
X-XSS-Protection: 1; mode=block

{
    "data": {
        "access_token": "eyJ0eXAiOiJKV1QiLCJhbGciOiJIUzUxMiJ9.eyJ1c2VyX2lkIjo4MjksIm1vYmlsZV9ubyI6Ijc3MzE4NjQ4NzciLCJleHAiOjE2OTMzMDk0ODQsInR5cGUiOiJhY2Nlc3MifQ.l35NouTyXB7-SwoGs6ciI1AMm5rzghY7ZYworek8whswPYV8xcdsyys8Ce3WpQJvT4Z6SjVxJtyEYCRhCQVR-A",
        "refresh_token": "eyJ0eXAiOiJKV1QiLCJhbGciOiJIUzUxMiJ9.eyJ1c2VyX2lkIjo4MjksIm1vYmlsZV9ubyI6Ijc3MzE4NjQ4NzciLCJleHAiOjE2OTMzODg2ODQsInR5cGUiOiJyZWZyZXNoIn0.wzd8QNK75NFs8vgA75r-Ya-lv26CwNNGmH3kArHBgZcxUwHr-ezw5sQxE-acAci308-OXB5e8QSYYfUSMayMTw",
        "access_token_expiry": "7200.0",
        "refresh_token_expiry": "86400.0"
    },
    "status": {
        "code": 200,
        "message": null
    }
}
User login Successfully
]]></system-out>
  </testcase>
</testsuite>