<?xml version="1.0" encoding="UTF-8"?>
<!-- Generated by org.testng.reporters.JUnitReportReporter -->
<testsuite hostname="unnati-HP-ProBook-650-G1" failures="0" tests="5" name="api.test.Customertest" time="18.453" errors="0" timestamp="2023-08-28T16:33:43 IST" skipped="0">
  <testcase classname="api.test.Customertest" name="TestgenerateOTP" time="4.599"/>
  <testcase classname="api.test.Customertest" name="TestverifyOTP" time="3.945"/>
  <testcase classname="api.test.Customertest" name="Testsignup" time="3.995"/>
  <testcase classname="api.test.Customertest" name="Testlogout" time="4.904"/>
  <testcase classname="api.test.Customertest" name="Testlogin" time="1.010"/>
</testsuite> <!-- api.test.Customertest -->
