<?xml version="1.0" encoding="UTF-8"?>
<!-- Generated by org.testng.reporters.JUnitReportReporter -->
<testsuite hostname="unnati-HP-ProBook-650-G1" failures="0" tests="5" name="api.test.Customertest" time="16.202" errors="0" timestamp="2023-08-29T15:14:44 IST" skipped="0">
  <testcase classname="api.test.Customertest" name="TestgenerateOTP" time="3.458"/>
  <testcase classname="api.test.Customertest" name="TestverifyOTP" time="4.018"/>
  <testcase classname="api.test.Customertest" name="Testsignup" time="3.556"/>
  <testcase classname="api.test.Customertest" name="Testlogout" time="3.745"/>
  <testcase classname="api.test.Customertest" name="Testlogin" time="1.425"/>
</testsuite> <!-- api.test.Customertest -->
